{
  "RSpec": {
    "coverage": {
      "/Users/kimbergstrom/Turing/3mod/challenges/rails_engine_fe_7/app/helpers/application_helper.rb": {
        "lines": [
          1,
          null
        ]
      },
      "/Users/kimbergstrom/Turing/3mod/challenges/rails_engine_fe_7/app/facades/engine_service_facade.rb": {
        "lines": [
          1,
          1,
          2,
          2,
          200,
          null,
          null,
          null,
          1,
          4,
          4,
          60,
          null,
          null,
          null,
          1,
          5,
          5,
          null,
          null,
          1,
          11,
          null,
          null,
          null,
          null,
          null
        ]
      },
      "/Users/kimbergstrom/Turing/3mod/challenges/rails_engine_fe_7/app/services/engine_service.rb": {
        "lines": [
          1,
          1,
          2,
          null,
          null,
          1,
          5,
          null,
          null,
          1,
          4,
          null,
          null,
          1,
          null,
          1,
          11,
          11,
          null,
          null,
          1,
          11,
          null,
          null
        ]
      },
      "/Users/kimbergstrom/Turing/3mod/challenges/rails_engine_fe_7/app/poros/merchant.rb": {
        "lines": [
          1,
          1,
          null,
          1,
          205,
          205,
          null,
          null
        ]
      },
      "/Users/kimbergstrom/Turing/3mod/challenges/rails_engine_fe_7/app/controllers/merchants_controller.rb": {
        "lines": [
          1,
          1,
          1,
          null,
          null,
          1,
          3,
          3,
          null,
          null
        ]
      },
      "/Users/kimbergstrom/Turing/3mod/challenges/rails_engine_fe_7/app/controllers/application_controller.rb": {
        "lines": [
          1,
          null
        ]
      },
      "/Users/kimbergstrom/Turing/3mod/challenges/rails_engine_fe_7/app/poros/item.rb": {
        "lines": [
          1,
          1,
          null,
          1,
          60,
          60,
          null,
          null
        ]
      },
      "/Users/kimbergstrom/Turing/3mod/challenges/rails_engine_fe_7/app/channels/application_cable/channel.rb": {
        "lines": [
          0,
          0,
          0,
          0
        ],
        "branches": {
        }
      },
      "/Users/kimbergstrom/Turing/3mod/challenges/rails_engine_fe_7/app/channels/application_cable/connection.rb": {
        "lines": [
          0,
          0,
          0,
          0
        ],
        "branches": {
        }
      },
      "/Users/kimbergstrom/Turing/3mod/challenges/rails_engine_fe_7/app/jobs/application_job.rb": {
        "lines": [
          0,
          null,
          null,
          null,
          null,
          null,
          0
        ],
        "branches": {
        }
      },
      "/Users/kimbergstrom/Turing/3mod/challenges/rails_engine_fe_7/app/mailers/application_mailer.rb": {
        "lines": [
          0,
          0,
          0,
          0
        ],
        "branches": {
        }
      },
      "/Users/kimbergstrom/Turing/3mod/challenges/rails_engine_fe_7/app/models/application_record.rb": {
        "lines": [
          0,
          0,
          0
        ],
        "branches": {
        }
      }
    },
    "timestamp": 1689889264
  }
}
